{"level":"info","message":"Sun Jan 20 2019 20:19:03 GMT+0300 (GMT+03:00): GET URL = /news/"}
{"level":"info","message":"Sun Jan 20 2019 20:20:38 GMT+0300 (GMT+03:00): DELETE URL = /news/abc-news"}
{"level":"info","message":"Sun Jan 20 2019 20:21:38 GMT+0300 (GMT+03:00): DELETE URL = /news/abc-news"}
{"level":"info","message":"Sun Jan 20 2019 20:21:47 GMT+0300 (GMT+03:00): GET URL = /news/"}
{"level":"info","message":"Sun Jan 20 2019 20:22:25 GMT+0300 (GMT+03:00): GET URL = /news/"}
{"level":"info","message":"Sun Jan 20 2019 20:22:35 GMT+0300 (GMT+03:00): POST URL = /news"}
{"level":"info","message":"Sun Jan 20 2019 20:22:37 GMT+0300 (GMT+03:00): GET URL = /news/"}
{"level":"info","message":"Sun Jan 20 2019 20:22:50 GMT+0300 (GMT+03:00): PUT URL = /news/abc-news"}
{"level":"info","message":"Sun Jan 20 2019 20:22:52 GMT+0300 (GMT+03:00): GET URL = /news/"}
{"level":"info","message":"Sun Jan 20 2019 20:24:33 GMT+0300 (GMT+03:00): DELETE URL = /news/my"}
{"level":"info","message":"Sun Jan 20 2019 20:24:42 GMT+0300 (GMT+03:00): GET URL = /news/"}
{"level":"info","message":"Sun Jan 20 2019 20:24:51 GMT+0300 (GMT+03:00): DELETE URL = /news/my"}
{"level":"info","message":"Sun Jan 20 2019 20:25:00 GMT+0300 (GMT+03:00): GET URL = /news/"}
{"level":"info","message":"Sun Jan 20 2019 20:26:55 GMT+0300 (GMT+03:00): GET URL = /"}
{"level":"info","message":"Sun Jan 20 2019 20:27:07 GMT+0300 (GMT+03:00): GET URL = /news"}
{"level":"info","message":"Sun Jan 20 2019 20:27:14 GMT+0300 (GMT+03:00): GET URL = /new"}
{"level":"info","message":"Sun Jan 20 2019 20:27:18 GMT+0300 (GMT+03:00): GET URL = /news"}
{"level":"info","message":"Sun Jan 20 2019 20:32:07 GMT+0300 (GMT+03:00): GET URL = /news"}
{"level":"info","message":"Sun Jan 20 2019 20:32:10 GMT+0300 (GMT+03:00): GET URL = /"}
{"level":"info","message":"Sun Jan 20 2019 20:32:44 GMT+0300 (GMT+03:00): GET URL = /news"}
{"level":"info","message":"Sun Jan 20 2019 20:32:49 GMT+0300 (GMT+03:00): GET URL = /news5"}
{"level":"info","message":"Sun Jan 20 2019 20:32:52 GMT+0300 (GMT+03:00): GET URL = /"}
{"level":"info","message":"Sun Jan 20 2019 20:35:36 GMT+0300 (GMT+03:00): GET URL = /news"}
{"level":"info","message":"Sun Jan 20 2019 20:35:50 GMT+0300 (GMT+03:00): POST URL = /news"}
{"level":"info","message":"Sun Jan 20 2019 20:35:52 GMT+0300 (GMT+03:00): PUT URL = /news/abc-news"}
{"level":"info","message":"Sun Jan 20 2019 20:35:54 GMT+0300 (GMT+03:00): DELETE URL = /news/my"}
{"level":"info","message":"Sun Jan 20 2019 20:35:55 GMT+0300 (GMT+03:00): DELETE URL = /news/my"}
{"level":"info","message":"Sun Jan 20 2019 20:36:00 GMT+0300 (GMT+03:00): GET URL = /news"}
